DevicesOwner/Application/build/intermediates/manifest_merge_blame_file/release/manifest-merger-blame-release-report.txt
1<?xml version="1.0" encoding="utf-8"?>
2<!--
3 Copyright 2015 The Android Open Source Project
4
5 Licensed under the Apache License, Version 2.0 (the "License");
6 you may not use this file except in compliance with the License.
7 You may obtain a copy of the License at
8
9     http://www.apache.org/licenses/LICENSE-2.0
10
11 Unless required by applicable law or agreed to in writing, software
12 distributed under the License is distributed on an "AS IS" BASIS,
13 WITHOUT WARRANTIES OR CONDITIONS OF ANY KIND, either express or implied.
14 See the License for the specific language governing permissions and
15 limitations under the License.
16-->
17<manifest xmlns:android="http://schemas.android.com/apk/res/android"
18    package="com.example.android.deviceowner"
19    android:versionCode="1"
20    android:versionName="1.0" >
21
22    <uses-sdk
23        android:minSdkVersion="21"
23-->src/main/AndroidManifest.xml
24        android:targetSdkVersion="29" />
24-->src/main/AndroidManifest.xml
25
26    <application
26-->src/main/AndroidManifest.xml:24:5-53:19
27        android:allowBackup="true"
27-->src/main/AndroidManifest.xml:25:9-35
28        android:appComponentFactory="androidx.core.app.CoreComponentFactory"
28-->[androidx.core:core:1.1.0] AndroidManifest.xml:24:18-86
29        android:icon="@drawable/ic_launcher"
29-->src/main/AndroidManifest.xml:26:9-45
30        android:label="@string/app_name"
30-->src/main/AndroidManifest.xml:27:9-41
31        android:theme="@style/Theme.DeviceOwner" >
31-->src/main/AndroidManifest.xml:28:9-49
32        <activity
32-->src/main/AndroidManifest.xml:31:9-38:20
33            android:name="com.example.android.deviceowner.MainActivity"
33-->src/main/AndroidManifest.xml:32:13-41
34            android:label="@string/app_name" >
34-->src/main/AndroidManifest.xml:33:13-45
35            <intent-filter>
35-->src/main/AndroidManifest.xml:34:13-37:29
36                <action android:name="android.intent.action.MAIN" />
36-->src/main/AndroidManifest.xml:35:17-69
36-->src/main/AndroidManifest.xml:35:25-66
37
38                <category android:name="android.intent.category.LAUNCHER" />
38-->src/main/AndroidManifest.xml:36:17-77
38-->src/main/AndroidManifest.xml:36:27-74
39            </intent-filter>
40        </activity>
41
42        <receiver
42-->src/main/AndroidManifest.xml:40:9-51:20
43            android:name="com.example.android.deviceowner.DeviceOwnerReceiver"
43-->src/main/AndroidManifest.xml:41:13-48
44            android:description="@string/app_name"
44-->src/main/AndroidManifest.xml:42:13-51
45            android:label="@string/app_name"
45-->src/main/AndroidManifest.xml:43:13-45
46            android:permission="android.permission.BIND_DEVICE_ADMIN" >
46-->src/main/AndroidManifest.xml:44:13-70
47            <meta-data
47-->src/main/AndroidManifest.xml:45:13-47:65
48                android:name="android.app.device_admin"
48-->src/main/AndroidManifest.xml:46:17-56
49                android:resource="@xml/device_owner_receiver" />
49-->src/main/AndroidManifest.xml:47:17-62
50
51            <intent-filter>
51-->src/main/AndroidManifest.xml:48:13-50:29
52                <action android:name="android.app.action.PROFILE_PROVISIONING_COMPLETE" />
52-->src/main/AndroidManifest.xml:49:17-91
52-->src/main/AndroidManifest.xml:49:25-88
53            </intent-filter>
54        </receiver>
55    </application>
56
57</manifest>